<?xml version="1.0" encoding="UTF-8"?>
<!-- Generated by org.testng.reporters.JUnitReportReporter -->
<testsuite hostname="Nishkarsh" failures="0" tests="2" name="ExternalReports.ExternalReportsDemo" time="8.669" errors="0" timestamp="2025-02-06T10:10:42 IST" skipped="0">
  <testcase classname="ExternalReports.ExternalReportsDemo" name="initialDemo" time="3.269"/>
  <testcase classname="ExternalReports.ExternalReportsDemo" name="secondTest" time="5.400"/>
</testsuite> <!-- ExternalReports.ExternalReportsDemo -->
