<?xml version="1.0" encoding="UTF-8"?>
<!-- Generated by org.testng.reporters.JUnitReportReporter -->
<testsuite hostname="Nishkarsh" failures="0" tests="1" name="frameworks.appium.Android.eCommerce_hybrid_test" time="36.625" errors="0" timestamp="2025-02-02T18:50:53 IST" skipped="0">
  <testcase classname="frameworks.appium.Android.eCommerce_hybrid_test" name="fillForm" time="36.625"/>
</testsuite> <!-- frameworks.appium.Android.eCommerce_hybrid_test -->
